<?xml version="1.0" encoding="UTF-8"?>
<!-- Generated by org.testng.reporters.JUnitXMLReporter -->
<testsuite hostname="Ishans-MBP" ignored="0" name="Command line test" tests="7" failures="0" timestamp="2022-01-27T21:02:00 EST" time="46.194" errors="0">
  <testcase name="loginPageTitleTest" time="0.013" classname="com.dd.testcases.LoginTest"/>
  <testcase name="loginTest" time="1.553" classname="com.dd.testcases.LoginTest"/>
  <testcase name="verifyContactsPageLabelTest" time="0.046" classname="com.dd.testcases.ContactsPageTest"/>
  <testcase name="selectContactsTest" time="0.41" classname="com.dd.testcases.ContactsPageTest"/>
  <testcase name="verifyHomePageTest" time="0.011" classname="com.dd.testcases.HomePageTest"/>
  <testcase name="verifyUserNameTes" time="1.672" classname="com.dd.testcases.HomePageTest"/>
  <testcase name="verifyContactsLinkTest" time="1.013" classname="com.dd.testcases.HomePageTest"/>
</testsuite> <!-- Command line test -->
