<?xml version="1.0" encoding="UTF-8"?>
<testng-results skipped="0" failed="0" ignored="0" total="2" passed="2">
  <reporter-output>
  </reporter-output>
  <suite name="com.dd.testcases.LoginTest" duration-ms="27309" started-at="2021-09-28T14:45:35 EDT" finished-at="2021-09-28T14:46:02 EDT">
    <groups>
    </groups>
    <test name="Command line test" duration-ms="27309" started-at="2021-09-28T14:45:35 EDT" finished-at="2021-09-28T14:46:02 EDT">
      <class name="com.dd.testcases.LoginTest">
        <test-method status="PASS" signature="setup()[pri:0, instance:com.dd.testcases.LoginTest@23d2a7e8]" name="setup" is-config="true" duration-ms="8739" started-at="2021-09-28T14:45:35 EDT" finished-at="2021-09-28T14:45:44 EDT">
          <reporter-output>
          </reporter-output>
        </test-method> <!-- setup -->
        <test-method status="PASS" signature="loginPageTitleTest()[pri:0, instance:com.dd.testcases.LoginTest@23d2a7e8]" name="loginPageTitleTest" duration-ms="23" started-at="2021-09-28T14:45:44 EDT" finished-at="2021-09-28T14:45:44 EDT">
          <reporter-output>
          </reporter-output>
        </test-method> <!-- loginPageTitleTest -->
        <test-method status="PASS" signature="tearDown()[pri:0, instance:com.dd.testcases.LoginTest@23d2a7e8]" name="tearDown" is-config="true" duration-ms="4711" started-at="2021-09-28T14:45:44 EDT" finished-at="2021-09-28T14:45:49 EDT">
          <reporter-output>
          </reporter-output>
        </test-method> <!-- tearDown -->
        <test-method status="PASS" signature="setup()[pri:0, instance:com.dd.testcases.LoginTest@23d2a7e8]" name="setup" is-config="true" duration-ms="6077" started-at="2021-09-28T14:45:49 EDT" finished-at="2021-09-28T14:45:55 EDT">
          <reporter-output>
          </reporter-output>
        </test-method> <!-- setup -->
        <test-method status="PASS" signature="loginTest()[pri:0, instance:com.dd.testcases.LoginTest@23d2a7e8]" name="loginTest" duration-ms="4044" started-at="2021-09-28T14:45:55 EDT" finished-at="2021-09-28T14:45:59 EDT">
          <reporter-output>
          </reporter-output>
        </test-method> <!-- loginTest -->
        <test-method status="PASS" signature="tearDown()[pri:0, instance:com.dd.testcases.LoginTest@23d2a7e8]" name="tearDown" is-config="true" duration-ms="3658" started-at="2021-09-28T14:45:59 EDT" finished-at="2021-09-28T14:46:02 EDT">
          <reporter-output>
          </reporter-output>
        </test-method> <!-- tearDown -->
      </class> <!-- com.dd.testcases.LoginTest -->
    </test> <!-- Command line test -->
  </suite> <!-- com.dd.testcases.LoginTest -->
</testng-results>
