<?xml version="1.0" encoding="UTF-8" ?>
<testsuite tests="7" failures="0" name="TestSuite" time="4.729" errors="0" skipped="0">
  <properties>
[...]
</properties>
  <testcase classname="com.dd.testcases.LoginTest" name="loginPageTitleTest" time="0.022"/>
  <testcase classname="com.dd.testcases.LoginTest" name="loginTest" time="1.554"/>
  <testcase classname="com.dd.testcases.ContactsPageTest" name="verifyContactsPageLabelTest" time="0.046"/>
  <testcase classname="com.dd.testcases.ContactsPageTest" name="selectContactsTest" time="0.409"/>
  <testcase classname="com.dd.testcases.HomePageTest" name="verifyHomePageTest" time="0.01"/>
  <testcase classname="com.dd.testcases.HomePageTest" name="verifyUserNameTes" time="1.675"/>
  <testcase classname="com.dd.testcases.HomePageTest" name="verifyContactsLinkTest" time="1.013"/>
</testsuite>